<?xml version="1.0" encoding="UTF-8"?>
<!-- Generated by org.testng.reporters.JUnitReportReporter -->
<testsuite hostname="Admin" failures="0" tests="1" name="com.test.ActionsClass" time="12.248" errors="0" timestamp="2020-11-19T15:40:53 IST" skipped="0">
  <testcase classname="com.test.ActionsClass" name="dragNDropAction" time="12.248"/>
  <system-out/>
</testsuite> <!-- com.test.ActionsClass -->
