<?xml version="1.0" encoding="UTF-8"?>
<!-- Generated by org.testng.reporters.JUnitReportReporter -->
<testsuite hostname="Admin" failures="0" tests="1" name="com.test.TestBootStrapDropDown" time="7.062" errors="0" timestamp="2020-11-17T12:21:39 IST" skipped="0">
  <testcase classname="com.test.TestBootStrapDropDown" name="bootStrapDropDown" time="7.062"/>
  <system-out/>
</testsuite> <!-- com.test.TestBootStrapDropDown -->
