<?xml version="1.0" encoding="UTF-8"?>
<!-- Generated by org.testng.reporters.JUnitReportReporter -->
<testsuite hostname="Admin" failures="0" tests="1" name="com.test.TestBootStrapDropDown" time="13.276" errors="0" timestamp="2020-11-18T21:06:45 IST" skipped="0">
  <testcase classname="com.test.TestBootStrapDropDown" name="bootStrapDropDown" time="13.276"/>
  <system-out/>
</testsuite> <!-- com.test.TestBootStrapDropDown -->
