<?xml version="1.0" encoding="UTF-8"?>
<!-- Generated by org.testng.reporters.JUnitReportReporter -->
<testsuite hostname="Admin" failures="0" tests="1" name="com.test.SelectClass" time="13.468" errors="0" timestamp="2020-11-19T20:05:02 IST" skipped="0">
  <testcase classname="com.test.SelectClass" name="selectFromList" time="13.468"/>
  <system-out/>
</testsuite> <!-- com.test.SelectClass -->
