<?xml version="1.0" encoding="UTF-8"?>
<!-- Generated by org.testng.reporters.JUnitReportReporter -->
<testsuite hostname="Admin" failures="0" tests="1" name="com.test.AutoSuggestions" time="24.053" errors="0" timestamp="2020-11-20T13:14:40 IST" skipped="0">
  <testcase classname="com.test.AutoSuggestions" name="autoSuggestionList" time="24.053"/>
  <system-out/>
</testsuite> <!-- com.test.AutoSuggestions -->
