<?xml version="1.0" encoding="UTF-8"?>
<!-- Generated by org.testng.reporters.JUnitReportReporter -->
<testsuite hostname="Admin" failures="0" tests="1" name="com.company.testScripts.Login_Logout" time="11.414" errors="0" timestamp="2020-11-15T13:37:44 IST" skipped="0">
  <testcase classname="com.company.testScripts.Login_Logout" name="Login_Logout_AtHome" time="11.414"/>
  <system-out/>
</testsuite> <!-- com.company.testScripts.Login_Logout -->
