<?xml version="1.0" encoding="UTF-8"?>
<!-- Generated by org.testng.reporters.JUnitReportReporter -->
<testsuite hostname="Admin" failures="0" tests="1" name="com.company.testScripts.TC02" time="15.003" errors="0" timestamp="2020-11-09T18:27:02 IST" skipped="0">
  <testcase classname="com.company.testScripts.TC02" name="Login_Logout_AtHome" time="15.003"/>
  <system-out/>
</testsuite> <!-- com.company.testScripts.TC02 -->
