<?xml version="1.0" encoding="UTF-8"?>
<!-- Generated by org.testng.reporters.JUnitReportReporter -->
<testsuite hostname="Admin" failures="0" tests="2" name="com.test.ActionsClass" time="5.025" errors="0" timestamp="2020-11-18T19:23:34 IST" skipped="0">
  <testcase classname="com.test.ActionsClass" name="searchWithKeyboardAction" time="5.023"/>
  <system-out/>
  <testcase classname="com.test.ActionsClass" name="mouseActions" time="0.002"/>
  <system-out/>
</testsuite> <!-- com.test.ActionsClass -->
