<?xml version="1.0" encoding="UTF-8"?>
<!-- Generated by org.testng.reporters.JUnitReportReporter -->
<testsuite hostname="Admin" failures="0" tests="1" name="com.test.ToolTipAction" time="12.360" errors="0" timestamp="2020-11-19T17:10:50 IST" skipped="0">
  <testcase classname="com.test.ToolTipAction" name="toolTipAction" time="12.360"/>
  <system-out/>
</testsuite> <!-- com.test.ToolTipAction -->
