<?xml version="1.0" encoding="UTF-8"?>
<!-- Generated by org.testng.reporters.JUnitReportReporter -->
<testsuite hostname="Admin" failures="0" tests="1" name="resources.Base" time="0.216" errors="0" timestamp="2020-11-16T14:57:00 IST" skipped="0">
  <testcase classname="resources.Base" name="bootStrapDropDown" time="0.216"/>
  <system-out/>
</testsuite> <!-- resources.Base -->
