<?xml version="1.0" encoding="UTF-8"?>
<!-- Generated by org.testng.reporters.JUnitReportReporter -->
<testsuite hostname="Admin" failures="0" tests="1" name="com.company.testScripts.TC01" time="11.890" errors="0" timestamp="2020-11-09T17:53:05 IST" skipped="0">
  <testcase classname="com.company.testScripts.TC01" name="Login_Logout_AtHome" time="11.890"/>
  <system-out/>
</testsuite> <!-- com.company.testScripts.TC01 -->
