<?xml version="1.0" encoding="UTF-8"?>
<!-- Generated by org.testng.reporters.JUnitReportReporter -->
<testsuite hostname="Admin" failures="0" tests="1" name="com.test.MouseHoverUsingActions" time="15.690" errors="0" timestamp="2020-11-20T12:30:17 IST" skipped="0">
  <testcase classname="com.test.MouseHoverUsingActions" name="mouseHover" time="15.690"/>
  <system-out/>
</testsuite> <!-- com.test.MouseHoverUsingActions -->
