<?xml version="1.0" encoding="UTF-8"?>
<!-- Generated by org.testng.reporters.JUnitReportReporter -->
<testsuite hostname="Admin" failures="0" tests="1" name="com.test.ActionsClass" time="0.322" errors="0" timestamp="2020-11-17T18:16:30 IST" skipped="0">
  <testcase classname="com.test.ActionsClass" name="searchWithAction" time="0.322"/>
  <system-out/>
</testsuite> <!-- com.test.ActionsClass -->
