<?xml version="1.0" encoding="UTF-8"?>
<!-- Generated by org.testng.reporters.JUnitReportReporter -->
<testsuite hostname="Admin" failures="0" tests="1" name="com.company.testScripts.NavigationBar" time="0.434" errors="0" timestamp="2020-11-15T17:13:22 IST" skipped="0">
  <testcase classname="com.company.testScripts.NavigationBar" name="navigationBar_Elements" time="0.434"/>
  <system-out/>
</testsuite> <!-- com.company.testScripts.NavigationBar -->
